<?xml version="1.0" encoding="UTF-8"?>
<!-- Generated by org.testng.reporters.JUnitReportReporter -->
<testsuite hostname="WIN-KRM4LUACSDE" name="lin.ma.Test02DeleteData" tests="1" failures="0" timestamp="7 Oct 2016 05:56:57 GMT" time="8.473" errors="0">
  <testcase name="DeleteData" time="8.473" classname="lin.ma.Test02DeleteData"/>
</testsuite> <!-- lin.ma.Test02DeleteData -->
