<?xml version="1.0" encoding="UTF-8"?>
<!-- Generated by org.testng.reporters.JUnitReportReporter -->
<testsuite hostname="WIN-KRM4LUACSDE" name="lin.ma.Test01Login" tests="3" failures="0" timestamp="2 Oct 2016 10:38:04 GMT" time="12.062" errors="0">
  <testcase name="validNameAndPwd" time="3.494" classname="lin.ma.Test01Login"/>
  <testcase name="invalidName" time="5.109" classname="lin.ma.Test01Login"/>
  <testcase name="invalidPWD" time="3.459" classname="lin.ma.Test01Login"/>
</testsuite> <!-- lin.ma.Test01Login -->
