<?xml version="1.0" encoding="UTF-8"?>
<!-- Generated by org.testng.reporters.JUnitReportReporter -->
<testsuite hostname="WIN-KRM4LUACSDE" name="cn.malin.NewTest" tests="1" failures="0" timestamp="25 Aug 2016 11:39:28 GMT" time="3.876" errors="0">
  <testcase name="f" time="3.876" classname="cn.malin.NewTest"/>
</testsuite> <!-- cn.malin.NewTest -->
